2023-04-05T16:57:04.834+0300	INFO	new event created(title - test0 - base event)
2023-04-05T16:57:04.834+0300	INFO	new event created(title - test1 - +5days)
2023-04-05T16:57:04.834+0300	INFO	new event created(title - test2 - +6 days end date after week)
2023-04-05T16:57:04.834+0300	INFO	new event created(title - test3 - +8 days - next week)
2023-04-05T16:57:04.834+0300	INFO	new event created(title - test4 - start in before week and end in cur week)
2023-04-05T16:57:04.834+0300	INFO	new event created(title - test5 - in this day)
2023-04-05T17:08:57.838+0300	INFO	new event created(title - test0 - base event)
2023-04-05T17:08:57.838+0300	INFO	new event created(title - test1 - +5days)
2023-04-05T17:08:57.838+0300	INFO	new event created(title - test2 - +6 days end date after week)
2023-04-05T17:08:57.838+0300	INFO	new event created(title - test3 - +8 days - next week)
2023-04-05T17:08:57.838+0300	INFO	new event created(title - test4 - start in before week and end in cur week)
2023-04-05T17:08:57.838+0300	INFO	new event created(title - test5 - in this day)
2023-04-05T17:08:57.841+0300	INFO	[client GRPC: GetEvent, Request DateTime: 2023-04-05 17:08:57.841248 +0300 MSK m=+0.100237501Time of request work: 28.8µs
2023-04-05T17:12:11.017+0300	INFO	new event created(title - test0 - base event)
2023-04-05T17:12:11.017+0300	INFO	new event created(title - test1 - +5days)
2023-04-05T17:12:11.017+0300	INFO	new event created(title - test2 - +6 days end date after week)
2023-04-05T17:12:11.017+0300	INFO	new event created(title - test3 - +8 days - next week)
2023-04-05T17:12:11.018+0300	INFO	new event created(title - test4 - start in before week and end in cur week)
2023-04-05T17:12:11.018+0300	INFO	new event created(title - test5 - in this day)
2023-04-05T17:12:11.021+0300	INFO	[client GRPC: GetEvent, Request DateTime: 2023-04-05 17:12:11.0214007 +0300 MSK m=+0.100895401Time of request work: 0s
2023-04-05T17:14:11.397+0300	INFO	new event created(title - test0 - base event)
2023-04-05T17:14:11.397+0300	INFO	new event created(title - test1 - +5days)
2023-04-05T17:14:11.397+0300	INFO	new event created(title - test2 - +6 days end date after week)
2023-04-05T17:14:11.397+0300	INFO	new event created(title - test3 - +8 days - next week)
2023-04-05T17:14:11.397+0300	INFO	new event created(title - test4 - start in before week and end in cur week)
2023-04-05T17:14:11.397+0300	INFO	new event created(title - test5 - in this day)
2023-04-05T17:14:11.400+0300	INFO	[client GRPC: GetEvent, Request DateTime: 2023-04-05 17:14:11.4000298 +0300 MSK m=+0.100045001Time of request work: 0s
2023-04-05T17:19:01.786+0300	INFO	new event created(title - test0 - base event)
2023-04-05T17:19:01.786+0300	INFO	new event created(title - test1 - +5days)
2023-04-05T17:19:01.786+0300	INFO	new event created(title - test2 - +6 days end date after week)
2023-04-05T17:19:01.786+0300	INFO	new event created(title - test3 - +8 days - next week)
2023-04-05T17:19:01.786+0300	INFO	new event created(title - test4 - start in before week and end in cur week)
2023-04-05T17:19:01.786+0300	INFO	new event created(title - test5 - in this day)
2023-04-05T17:19:01.790+0300	INFO	[client GRPC: GetEvent, Request DateTime: 2023-04-05 17:19:01.7905496 +0300 MSK m=+0.100940101Time of request work: 0s
2023-04-05T17:25:43.818+0300	INFO	new event created(title - test0 - base event)
2023-04-05T17:25:43.818+0300	INFO	new event created(title - test1 - +5days)
2023-04-05T17:25:43.818+0300	INFO	new event created(title - test2 - +6 days end date after week)
2023-04-05T17:25:43.818+0300	INFO	new event created(title - test3 - +8 days - next week)
2023-04-05T17:25:43.818+0300	INFO	new event created(title - test4 - start in before week and end in cur week)
2023-04-05T17:25:43.818+0300	INFO	new event created(title - test5 - in this day)
2023-04-05T17:25:43.820+0300	INFO	[client GRPC: GetEvent, Request DateTime: 2023-04-05 17:25:43.8208663 +0300 MSK m=+0.101023401Time of request work: 0s
2023-04-05T17:28:25.090+0300	INFO	new event created(title - test0 - base event)
2023-04-05T17:28:25.090+0300	INFO	new event created(title - test1 - +5days)
2023-04-05T17:28:25.091+0300	INFO	new event created(title - test2 - +6 days end date after week)
2023-04-05T17:28:25.091+0300	INFO	new event created(title - test3 - +8 days - next week)
2023-04-05T17:28:25.091+0300	INFO	new event created(title - test4 - start in before week and end in cur week)
2023-04-05T17:28:25.091+0300	INFO	new event created(title - test5 - in this day)
2023-04-05T17:28:25.093+0300	INFO	[client GRPC: GetEvent, Request DateTime: 2023-04-05 17:28:25.0935717 +0300 MSK m=+0.100765301Time of request work: 0s
2023-04-05T17:45:12.515+0300	INFO	new event created(title - test0 - base event)
2023-04-05T17:45:12.515+0300	INFO	new event created(title - test1 - +5days)
2023-04-05T17:45:12.515+0300	INFO	new event created(title - test2 - +6 days end date after week)
2023-04-05T17:45:12.515+0300	INFO	new event created(title - test3 - +8 days - next week)
2023-04-05T17:45:12.515+0300	INFO	new event created(title - test4 - start in before week and end in cur week)
2023-04-05T17:45:12.515+0300	INFO	new event created(title - test5 - in this day)
2023-04-05T17:45:12.517+0300	INFO	new event created(title - from test proto)
2023-04-05T17:45:12.517+0300	INFO	[client GRPC: CreateEvent, Request DateTime: 2023-04-05 17:45:12.5177867 +0300 MSK m=+0.099743301Time of request work: 0s
2023-04-05T17:47:51.317+0300	INFO	new event created(title - test0 - base event)
2023-04-05T17:47:51.317+0300	INFO	new event created(title - test1 - +5days)
2023-04-05T17:47:51.317+0300	INFO	new event created(title - test2 - +6 days end date after week)
2023-04-05T17:47:51.317+0300	INFO	new event created(title - test3 - +8 days - next week)
2023-04-05T17:47:51.317+0300	INFO	new event created(title - test4 - start in before week and end in cur week)
2023-04-05T17:47:51.317+0300	INFO	new event created(title - test5 - in this day)
2023-04-05T17:47:51.321+0300	INFO	new event created(title - from test proto)
2023-04-05T17:47:51.321+0300	INFO	[client GRPC: CreateEvent, Request DateTime: 2023-04-05 17:47:51.3210497 +0300 MSK m=+0.100375101Time of request work: 0s
2023-04-05T17:48:23.245+0300	INFO	new event created(title - test0 - base event)
2023-04-05T17:48:23.245+0300	INFO	new event created(title - test1 - +5days)
2023-04-05T17:48:23.245+0300	INFO	new event created(title - test2 - +6 days end date after week)
2023-04-05T17:48:23.245+0300	INFO	new event created(title - test3 - +8 days - next week)
2023-04-05T17:48:23.245+0300	INFO	new event created(title - test4 - start in before week and end in cur week)
2023-04-05T17:48:23.245+0300	INFO	new event created(title - test5 - in this day)
2023-04-05T17:48:23.248+0300	INFO	new event created(title - from test proto)
2023-04-05T17:48:23.248+0300	INFO	[client GRPC: CreateEvent, Request DateTime: 2023-04-05 17:48:23.2484825 +0300 MSK m=+0.100993201Time of request work: 0s
2023-04-05T17:48:53.172+0300	INFO	new event created(title - test0 - base event)
2023-04-05T17:48:53.172+0300	INFO	new event created(title - test1 - +5days)
2023-04-05T17:48:53.172+0300	INFO	new event created(title - test2 - +6 days end date after week)
2023-04-05T17:48:53.172+0300	INFO	new event created(title - test3 - +8 days - next week)
2023-04-05T17:48:53.172+0300	INFO	new event created(title - test4 - start in before week and end in cur week)
2023-04-05T17:48:53.172+0300	INFO	new event created(title - test5 - in this day)
2023-04-05T17:48:53.176+0300	INFO	new event created(title - from test proto)
2023-04-05T17:48:53.176+0300	INFO	[client GRPC: CreateEvent, Request DateTime: 2023-04-05 17:48:53.1763513 +0300 MSK m=+0.100924801Time of request work: 0s
2023-04-06T09:51:25.996+0300	INFO	new event created(title - test0 - base event)
2023-04-06T09:51:25.997+0300	INFO	new event created(title - test1 - +5days)
2023-04-06T09:51:25.997+0300	INFO	new event created(title - test2 - +6 days end date after week)
2023-04-06T09:51:25.997+0300	INFO	new event created(title - test3 - +8 days - next week)
2023-04-06T09:51:25.997+0300	INFO	new event created(title - test4 - start in before week and end in cur week)
2023-04-06T09:51:25.997+0300	INFO	new event created(title - test5 - in this day)
2023-04-06T09:51:26.000+0300	INFO	event updated(title - updated from test proto)
2023-04-06T09:51:26.000+0300	INFO	[client GRPC: UpdateEvent, Request DateTime: 2023-04-06 09:51:26.0008424 +0300 MSK m=+0.101631201Time of request work: 0s
2023-04-06T09:56:33.782+0300	INFO	new event created(title - test0 - base event)
2023-04-06T09:56:33.782+0300	INFO	new event created(title - test1 - +5days)
2023-04-06T09:56:33.782+0300	INFO	new event created(title - test2 - +6 days end date after week)
2023-04-06T09:56:33.782+0300	INFO	new event created(title - test3 - +8 days - next week)
2023-04-06T09:56:33.782+0300	INFO	new event created(title - test4 - start in before week and end in cur week)
2023-04-06T09:56:33.782+0300	INFO	new event created(title - test5 - in this day)
2023-04-06T09:56:33.785+0300	INFO	event deleted(id - 0)
2023-04-06T09:56:33.785+0300	INFO	[client GRPC: DeleteEvent, Request DateTime: 2023-04-06 09:56:33.785381 +0300 MSK m=+0.100181001Time of request work: 0s
2023-04-06T10:10:27.383+0300	INFO	new event created(title - test0 - base event)
2023-04-06T10:10:27.383+0300	INFO	new event created(title - test1 - +5days)
2023-04-06T10:10:27.383+0300	INFO	new event created(title - test2 - +6 days end date after week)
2023-04-06T10:10:27.383+0300	INFO	new event created(title - test3 - +8 days - next week)
2023-04-06T10:10:27.383+0300	INFO	new event created(title - test4 - start in before week and end in cur week)
2023-04-06T10:10:27.383+0300	INFO	new event created(title - test5 - in this day)
2023-04-06T10:10:27.387+0300	INFO	[client GetEventsOnDayByDay: GetEvent, Request DateTime: 2023-04-06 10:10:27.3871902 +0300 MSK m=+0.100297701Time of request work: 0s
2023-04-06T10:12:13.014+0300	INFO	new event created(title - test0 - base event)
2023-04-06T10:12:13.014+0300	INFO	new event created(title - test1 - +5days)
2023-04-06T10:12:13.014+0300	INFO	new event created(title - test2 - +6 days end date after week)
2023-04-06T10:12:13.014+0300	INFO	new event created(title - test3 - +8 days - next week)
2023-04-06T10:12:13.014+0300	INFO	new event created(title - test4 - start in before week and end in cur week)
2023-04-06T10:12:13.014+0300	INFO	new event created(title - test5 - in this day)
2023-04-06T10:12:13.017+0300	INFO	[client GetEventsOnWeekByDay: GetEvent, Request DateTime: 2023-04-06 10:12:13.0170782 +0300 MSK m=+0.100253001Time of request work: 0s
2023-04-06T10:27:42.390+0300	INFO	new event created(title - test0 - base event)
2023-04-06T10:27:42.390+0300	INFO	new event created(title - test1 - +5days)
2023-04-06T10:27:42.390+0300	INFO	new event created(title - test2 - +6 days end date after week)
2023-04-06T10:27:42.390+0300	INFO	new event created(title - test3 - +8 days - next week)
2023-04-06T10:27:42.390+0300	INFO	new event created(title - test4 - start in before week and end in cur week)
2023-04-06T10:27:42.390+0300	INFO	new event created(title - test5 - in this day)
2023-04-06T10:27:42.394+0300	INFO	[client GetEventsOnMonthByDay: GetEvent, Request DateTime: 2023-04-06 10:27:42.3945656 +0300 MSK m=+0.100369701Time of request work: 0s
2023-04-06T10:28:01.050+0300	INFO	new event created(title - test0 - base event)
2023-04-06T10:28:01.050+0300	INFO	new event created(title - test1 - +5days)
2023-04-06T10:28:01.050+0300	INFO	new event created(title - test2 - +6 days end date after week)
2023-04-06T10:28:01.050+0300	INFO	new event created(title - test3 - +8 days - next week)
2023-04-06T10:28:01.050+0300	INFO	new event created(title - test4 - start in before week and end in cur week)
2023-04-06T10:28:01.050+0300	INFO	new event created(title - test5 - in this day)
2023-04-06T10:28:01.053+0300	INFO	[client GRPC: GetEvent, Request DateTime: 2023-04-06 10:28:01.0533046 +0300 MSK m=+0.100348301Time of request work: 0s
2023-04-06T10:28:01.053+0300	INFO	new event created(title - test0 - base event)
2023-04-06T10:28:01.053+0300	INFO	new event created(title - test1 - +5days)
2023-04-06T10:28:01.053+0300	INFO	new event created(title - test2 - +6 days end date after week)
2023-04-06T10:28:01.053+0300	INFO	new event created(title - test3 - +8 days - next week)
2023-04-06T10:28:01.053+0300	INFO	new event created(title - test4 - start in before week and end in cur week)
2023-04-06T10:28:01.053+0300	INFO	new event created(title - test5 - in this day)
2023-04-06T10:28:01.054+0300	INFO	new event created(title - from test proto)
2023-04-06T10:28:01.054+0300	INFO	[client GRPC: CreateEvent, Request DateTime: 2023-04-06 10:28:01.0549398 +0300 MSK m=+0.101983501Time of request work: 0s
2023-04-06T10:28:01.055+0300	INFO	new event created(title - test0 - base event)
2023-04-06T10:28:01.055+0300	INFO	new event created(title - test1 - +5days)
2023-04-06T10:28:01.055+0300	INFO	new event created(title - test2 - +6 days end date after week)
2023-04-06T10:28:01.055+0300	INFO	new event created(title - test3 - +8 days - next week)
2023-04-06T10:28:01.055+0300	INFO	new event created(title - test4 - start in before week and end in cur week)
2023-04-06T10:28:01.055+0300	INFO	new event created(title - test5 - in this day)
2023-04-06T10:28:01.057+0300	INFO	event updated(title - updated from test proto)
2023-04-06T10:28:01.057+0300	INFO	[client GRPC: UpdateEvent, Request DateTime: 2023-04-06 10:28:01.0571049 +0300 MSK m=+0.104148601Time of request work: 0s
2023-04-06T10:28:01.057+0300	INFO	new event created(title - test0 - base event)
2023-04-06T10:28:01.057+0300	INFO	new event created(title - test1 - +5days)
2023-04-06T10:28:01.057+0300	INFO	new event created(title - test2 - +6 days end date after week)
2023-04-06T10:28:01.057+0300	INFO	new event created(title - test3 - +8 days - next week)
2023-04-06T10:28:01.057+0300	INFO	new event created(title - test4 - start in before week and end in cur week)
2023-04-06T10:28:01.057+0300	INFO	new event created(title - test5 - in this day)
2023-04-06T10:28:01.058+0300	INFO	event deleted(id - 0)
2023-04-06T10:28:01.058+0300	INFO	[client GRPC: DeleteEvent, Request DateTime: 2023-04-06 10:28:01.0587556 +0300 MSK m=+0.105799301Time of request work: 0s
2023-04-06T10:28:01.059+0300	INFO	new event created(title - test0 - base event)
2023-04-06T10:28:01.059+0300	INFO	new event created(title - test1 - +5days)
2023-04-06T10:28:01.059+0300	INFO	new event created(title - test2 - +6 days end date after week)
2023-04-06T10:28:01.059+0300	INFO	new event created(title - test3 - +8 days - next week)
2023-04-06T10:28:01.059+0300	INFO	new event created(title - test4 - start in before week and end in cur week)
2023-04-06T10:28:01.059+0300	INFO	new event created(title - test5 - in this day)
2023-04-06T10:28:01.060+0300	INFO	[client GetEventsOnDayByDay: GetEvent, Request DateTime: 2023-04-06 10:28:01.0603873 +0300 MSK m=+0.107431001Time of request work: 0s
2023-04-06T10:28:01.060+0300	INFO	new event created(title - test0 - base event)
2023-04-06T10:28:01.060+0300	INFO	new event created(title - test1 - +5days)
2023-04-06T10:28:01.060+0300	INFO	new event created(title - test2 - +6 days end date after week)
2023-04-06T10:28:01.060+0300	INFO	new event created(title - test3 - +8 days - next week)
2023-04-06T10:28:01.060+0300	INFO	new event created(title - test4 - start in before week and end in cur week)
2023-04-06T10:28:01.060+0300	INFO	new event created(title - test5 - in this day)
2023-04-06T10:28:01.063+0300	INFO	[client GetEventsOnWeekByDay: GetEvent, Request DateTime: 2023-04-06 10:28:01.0630833 +0300 MSK m=+0.110127001Time of request work: 0s
2023-04-06T10:28:01.063+0300	INFO	new event created(title - test0 - base event)
2023-04-06T10:28:01.063+0300	INFO	new event created(title - test1 - +5days)
2023-04-06T10:28:01.063+0300	INFO	new event created(title - test2 - +6 days end date after week)
2023-04-06T10:28:01.063+0300	INFO	new event created(title - test3 - +8 days - next week)
2023-04-06T10:28:01.063+0300	INFO	new event created(title - test4 - start in before week and end in cur week)
2023-04-06T10:28:01.063+0300	INFO	new event created(title - test5 - in this day)
2023-04-06T10:28:01.065+0300	INFO	[client GetEventsOnMonthByDay: GetEvent, Request DateTime: 2023-04-06 10:28:01.0652174 +0300 MSK m=+0.112261101Time of request work: 0s
2023-04-06T10:29:03.003+0300	INFO	new event created(title - test0 - base event)
2023-04-06T10:29:03.004+0300	INFO	new event created(title - test1 - +5days)
2023-04-06T10:29:03.004+0300	INFO	new event created(title - test2 - +6 days end date after week)
2023-04-06T10:29:03.004+0300	INFO	new event created(title - test3 - +8 days - next week)
2023-04-06T10:29:03.004+0300	INFO	new event created(title - test4 - start in before week and end in cur week)
2023-04-06T10:29:03.004+0300	INFO	new event created(title - test5 - in this day)
2023-04-06T10:29:03.006+0300	INFO	[client GRPC: GetEvent, Request DateTime: 2023-04-06 10:29:03.006535 +0300 MSK m=+0.100730501Time of request work: 0s
2023-04-06T10:29:03.007+0300	INFO	new event created(title - test0 - base event)
2023-04-06T10:29:03.007+0300	INFO	new event created(title - test1 - +5days)
2023-04-06T10:29:03.007+0300	INFO	new event created(title - test2 - +6 days end date after week)
2023-04-06T10:29:03.007+0300	INFO	new event created(title - test3 - +8 days - next week)
2023-04-06T10:29:03.007+0300	INFO	new event created(title - test4 - start in before week and end in cur week)
2023-04-06T10:29:03.007+0300	INFO	new event created(title - test5 - in this day)
2023-04-06T10:29:03.008+0300	INFO	new event created(title - from test proto)
2023-04-06T10:29:03.008+0300	INFO	[client GRPC: CreateEvent, Request DateTime: 2023-04-06 10:29:03.0086624 +0300 MSK m=+0.102857901Time of request work: 0s
2023-04-06T10:29:03.009+0300	INFO	new event created(title - test0 - base event)
2023-04-06T10:29:03.009+0300	INFO	new event created(title - test1 - +5days)
2023-04-06T10:29:03.009+0300	INFO	new event created(title - test2 - +6 days end date after week)
2023-04-06T10:29:03.009+0300	INFO	new event created(title - test3 - +8 days - next week)
2023-04-06T10:29:03.009+0300	INFO	new event created(title - test4 - start in before week and end in cur week)
2023-04-06T10:29:03.009+0300	INFO	new event created(title - test5 - in this day)
2023-04-06T10:29:03.010+0300	INFO	event updated(title - updated from test proto)
2023-04-06T10:29:03.010+0300	INFO	[client GRPC: UpdateEvent, Request DateTime: 2023-04-06 10:29:03.010889 +0300 MSK m=+0.105084501Time of request work: 0s
2023-04-06T10:29:03.011+0300	INFO	new event created(title - test0 - base event)
2023-04-06T10:29:03.011+0300	INFO	new event created(title - test1 - +5days)
2023-04-06T10:29:03.011+0300	INFO	new event created(title - test2 - +6 days end date after week)
2023-04-06T10:29:03.011+0300	INFO	new event created(title - test3 - +8 days - next week)
2023-04-06T10:29:03.011+0300	INFO	new event created(title - test4 - start in before week and end in cur week)
2023-04-06T10:29:03.011+0300	INFO	new event created(title - test5 - in this day)
2023-04-06T10:29:03.012+0300	INFO	event deleted(id - 0)
2023-04-06T10:29:03.012+0300	INFO	[client GRPC: DeleteEvent, Request DateTime: 2023-04-06 10:29:03.0125376 +0300 MSK m=+0.106733101Time of request work: 0s
2023-04-06T10:29:03.013+0300	INFO	new event created(title - test0 - base event)
2023-04-06T10:29:03.013+0300	INFO	new event created(title - test1 - +5days)
2023-04-06T10:29:03.013+0300	INFO	new event created(title - test2 - +6 days end date after week)
2023-04-06T10:29:03.013+0300	INFO	new event created(title - test3 - +8 days - next week)
2023-04-06T10:29:03.013+0300	INFO	new event created(title - test4 - start in before week and end in cur week)
2023-04-06T10:29:03.013+0300	INFO	new event created(title - test5 - in this day)
2023-04-06T10:29:03.014+0300	INFO	[client GetEventsOnDayByDay: GetEvent, Request DateTime: 2023-04-06 10:29:03.014146 +0300 MSK m=+0.108341501Time of request work: 0s
2023-04-06T10:29:03.014+0300	INFO	new event created(title - test0 - base event)
2023-04-06T10:29:03.014+0300	INFO	new event created(title - test1 - +5days)
2023-04-06T10:29:03.014+0300	INFO	new event created(title - test2 - +6 days end date after week)
2023-04-06T10:29:03.014+0300	INFO	new event created(title - test3 - +8 days - next week)
2023-04-06T10:29:03.014+0300	INFO	new event created(title - test4 - start in before week and end in cur week)
2023-04-06T10:29:03.014+0300	INFO	new event created(title - test5 - in this day)
2023-04-06T10:29:03.015+0300	INFO	[client GetEventsOnWeekByDay: GetEvent, Request DateTime: 2023-04-06 10:29:03.0152594 +0300 MSK m=+0.109454901Time of request work: 523.8µs
2023-04-06T10:29:03.015+0300	INFO	new event created(title - test0 - base event)
2023-04-06T10:29:03.015+0300	INFO	new event created(title - test1 - +5days)
2023-04-06T10:29:03.015+0300	INFO	new event created(title - test2 - +6 days end date after week)
2023-04-06T10:29:03.015+0300	INFO	new event created(title - test3 - +8 days - next week)
2023-04-06T10:29:03.015+0300	INFO	new event created(title - test4 - start in before week and end in cur week)
2023-04-06T10:29:03.015+0300	INFO	new event created(title - test5 - in this day)
2023-04-06T10:29:03.019+0300	INFO	[client GetEventsOnMonthByDay: GetEvent, Request DateTime: 2023-04-06 10:29:03.0190749 +0300 MSK m=+0.113270401Time of request work: 0s
2023-04-06T10:30:00.954+0300	INFO	new event created(title - test0 - base event)
2023-04-06T10:30:00.954+0300	INFO	new event created(title - test1 - +5days)
2023-04-06T10:30:00.954+0300	INFO	new event created(title - test2 - +6 days end date after week)
2023-04-06T10:30:00.954+0300	INFO	new event created(title - test3 - +8 days - next week)
2023-04-06T10:30:00.954+0300	INFO	new event created(title - test4 - start in before week and end in cur week)
2023-04-06T10:30:00.954+0300	INFO	new event created(title - test5 - in this day)
2023-04-06T10:30:00.958+0300	INFO	[client GRPC: GetEvent, Request DateTime: 2023-04-06 10:30:00.9580455 +0300 MSK m=+0.101273301Time of request work: 0s
2023-04-06T10:30:00.959+0300	INFO	new event created(title - test0 - base event)
2023-04-06T10:30:00.959+0300	INFO	new event created(title - test1 - +5days)
2023-04-06T10:30:00.959+0300	INFO	new event created(title - test2 - +6 days end date after week)
2023-04-06T10:30:00.959+0300	INFO	new event created(title - test3 - +8 days - next week)
2023-04-06T10:30:00.959+0300	INFO	new event created(title - test4 - start in before week and end in cur week)
2023-04-06T10:30:00.959+0300	INFO	new event created(title - test5 - in this day)
2023-04-06T10:30:00.960+0300	INFO	new event created(title - from test proto)
2023-04-06T10:30:00.960+0300	INFO	[client GRPC: CreateEvent, Request DateTime: 2023-04-06 10:30:00.9601432 +0300 MSK m=+0.103371001Time of request work: 0s
2023-04-06T10:30:00.960+0300	INFO	new event created(title - test0 - base event)
2023-04-06T10:30:00.960+0300	INFO	new event created(title - test1 - +5days)
2023-04-06T10:30:00.960+0300	INFO	new event created(title - test2 - +6 days end date after week)
2023-04-06T10:30:00.960+0300	INFO	new event created(title - test3 - +8 days - next week)
2023-04-06T10:30:00.960+0300	INFO	new event created(title - test4 - start in before week and end in cur week)
2023-04-06T10:30:00.960+0300	INFO	new event created(title - test5 - in this day)
2023-04-06T10:30:00.961+0300	INFO	event updated(title - updated from test proto)
2023-04-06T10:30:00.961+0300	INFO	[client GRPC: UpdateEvent, Request DateTime: 2023-04-06 10:30:00.9617379 +0300 MSK m=+0.104965701Time of request work: 0s
2023-04-06T10:30:00.962+0300	INFO	new event created(title - test0 - base event)
2023-04-06T10:30:00.962+0300	INFO	new event created(title - test1 - +5days)
2023-04-06T10:30:00.962+0300	INFO	new event created(title - test2 - +6 days end date after week)
2023-04-06T10:30:00.962+0300	INFO	new event created(title - test3 - +8 days - next week)
2023-04-06T10:30:00.962+0300	INFO	new event created(title - test4 - start in before week and end in cur week)
2023-04-06T10:30:00.962+0300	INFO	new event created(title - test5 - in this day)
2023-04-06T10:30:00.962+0300	INFO	event deleted(id - 0)
2023-04-06T10:30:00.962+0300	INFO	[client GRPC: DeleteEvent, Request DateTime: 2023-04-06 10:30:00.9628176 +0300 MSK m=+0.106045401Time of request work: 0s
2023-04-06T10:30:00.963+0300	INFO	new event created(title - test0 - base event)
2023-04-06T10:30:00.963+0300	INFO	new event created(title - test1 - +5days)
2023-04-06T10:30:00.963+0300	INFO	new event created(title - test2 - +6 days end date after week)
2023-04-06T10:30:00.963+0300	INFO	new event created(title - test3 - +8 days - next week)
2023-04-06T10:30:00.963+0300	INFO	new event created(title - test4 - start in before week and end in cur week)
2023-04-06T10:30:00.963+0300	INFO	new event created(title - test5 - in this day)
2023-04-06T10:30:00.966+0300	INFO	[client GetEventsOnDayByDay: GetEvent, Request DateTime: 2023-04-06 10:30:00.9660039 +0300 MSK m=+0.109231701Time of request work: 0s
2023-04-06T10:30:00.966+0300	INFO	new event created(title - test0 - base event)
2023-04-06T10:30:00.966+0300	INFO	new event created(title - test1 - +5days)
2023-04-06T10:30:00.966+0300	INFO	new event created(title - test2 - +6 days end date after week)
2023-04-06T10:30:00.966+0300	INFO	new event created(title - test3 - +8 days - next week)
2023-04-06T10:30:00.966+0300	INFO	new event created(title - test4 - start in before week and end in cur week)
2023-04-06T10:30:00.966+0300	INFO	new event created(title - test5 - in this day)
2023-04-06T10:30:00.967+0300	INFO	[client GetEventsOnWeekByDay: GetEvent, Request DateTime: 2023-04-06 10:30:00.9679764 +0300 MSK m=+0.111204201Time of request work: 0s
2023-04-06T10:30:00.968+0300	INFO	new event created(title - test0 - base event)
2023-04-06T10:30:00.968+0300	INFO	new event created(title - test1 - +5days)
2023-04-06T10:30:00.968+0300	INFO	new event created(title - test2 - +6 days end date after week)
2023-04-06T10:30:00.968+0300	INFO	new event created(title - test3 - +8 days - next week)
2023-04-06T10:30:00.968+0300	INFO	new event created(title - test4 - start in before week and end in cur week)
2023-04-06T10:30:00.968+0300	INFO	new event created(title - test5 - in this day)
2023-04-06T10:30:00.970+0300	INFO	[client GetEventsOnMonthByDay: GetEvent, Request DateTime: 2023-04-06 10:30:00.970621 +0300 MSK m=+0.113848801Time of request work: 0s
2023-04-10T22:09:24.570+0400	INFO	new event created(title - test0 - base event)
2023-04-10T22:09:24.589+0400	INFO	new event created(title - test1 - +5days)
2023-04-10T22:09:24.589+0400	INFO	new event created(title - test2 - +6 days end date after week)
2023-04-10T22:09:24.589+0400	INFO	new event created(title - test3 - +8 days - next week)
2023-04-10T22:09:24.589+0400	INFO	new event created(title - test4 - start in before week and end in cur week)
2023-04-10T22:09:24.589+0400	INFO	new event created(title - test5 - in this day)
2023-04-10T22:09:24.590+0400	INFO	[client GRPC: GetEvent, Request DateTime: 2023-04-10 22:09:24.590081548 +0400 +04 m=+0.020799509Time of request work: 8.528µs
2023-04-10T22:09:24.590+0400	INFO	new event created(title - test0 - base event)
2023-04-10T22:09:24.590+0400	INFO	new event created(title - test1 - +5days)
2023-04-10T22:09:24.590+0400	INFO	new event created(title - test2 - +6 days end date after week)
2023-04-10T22:09:24.590+0400	INFO	new event created(title - test3 - +8 days - next week)
2023-04-10T22:09:24.590+0400	INFO	new event created(title - test4 - start in before week and end in cur week)
2023-04-10T22:09:24.590+0400	INFO	new event created(title - test5 - in this day)
2023-04-10T22:09:24.591+0400	INFO	new event created(title - from test proto)
2023-04-10T22:09:24.591+0400	INFO	[client GRPC: CreateEvent, Request DateTime: 2023-04-10 22:09:24.591600254 +0400 +04 m=+0.022318215Time of request work: 88.081µs
2023-04-10T22:09:24.591+0400	INFO	new event created(title - test0 - base event)
2023-04-10T22:09:24.591+0400	INFO	new event created(title - test1 - +5days)
2023-04-10T22:09:24.591+0400	INFO	new event created(title - test2 - +6 days end date after week)
2023-04-10T22:09:24.591+0400	INFO	new event created(title - test3 - +8 days - next week)
2023-04-10T22:09:24.592+0400	INFO	new event created(title - test4 - start in before week and end in cur week)
2023-04-10T22:09:24.592+0400	INFO	new event created(title - test5 - in this day)
2023-04-10T22:09:24.592+0400	INFO	event updated(title - updated from test proto)
2023-04-10T22:09:24.592+0400	INFO	[client GRPC: UpdateEvent, Request DateTime: 2023-04-10 22:09:24.59299252 +0400 +04 m=+0.023710481Time of request work: 82.209µs
2023-04-10T22:09:24.593+0400	INFO	new event created(title - test0 - base event)
2023-04-10T22:09:24.593+0400	INFO	new event created(title - test1 - +5days)
2023-04-10T22:09:24.593+0400	INFO	new event created(title - test2 - +6 days end date after week)
2023-04-10T22:09:24.593+0400	INFO	new event created(title - test3 - +8 days - next week)
2023-04-10T22:09:24.593+0400	INFO	new event created(title - test4 - start in before week and end in cur week)
2023-04-10T22:09:24.593+0400	INFO	new event created(title - test5 - in this day)
2023-04-10T22:09:24.594+0400	INFO	event deleted(id - 0)
2023-04-10T22:09:24.594+0400	INFO	[client GRPC: DeleteEvent, Request DateTime: 2023-04-10 22:09:24.594450326 +0400 +04 m=+0.025168287Time of request work: 85.296µs
2023-04-10T22:09:24.594+0400	INFO	new event created(title - test0 - base event)
2023-04-10T22:09:24.594+0400	INFO	new event created(title - test1 - +5days)
2023-04-10T22:09:24.594+0400	INFO	new event created(title - test2 - +6 days end date after week)
2023-04-10T22:09:24.594+0400	INFO	new event created(title - test3 - +8 days - next week)
2023-04-10T22:09:24.594+0400	INFO	new event created(title - test4 - start in before week and end in cur week)
2023-04-10T22:09:24.594+0400	INFO	new event created(title - test5 - in this day)
2023-04-10T22:09:24.595+0400	INFO	[client GetEventsOnDayByDay: GetEvent, Request DateTime: 2023-04-10 22:09:24.595753204 +0400 +04 m=+0.026471170Time of request work: 5.25µs
2023-04-10T22:09:24.595+0400	INFO	new event created(title - test0 - base event)
2023-04-10T22:09:24.596+0400	INFO	new event created(title - test1 - +5days)
2023-04-10T22:09:24.596+0400	INFO	new event created(title - test2 - +6 days end date after week)
2023-04-10T22:09:24.596+0400	INFO	new event created(title - test3 - +8 days - next week)
2023-04-10T22:09:24.596+0400	INFO	new event created(title - test4 - start in before week and end in cur week)
2023-04-10T22:09:24.596+0400	INFO	new event created(title - test5 - in this day)
2023-04-10T22:09:24.596+0400	INFO	[client GetEventsOnWeekByDay: GetEvent, Request DateTime: 2023-04-10 22:09:24.596897938 +0400 +04 m=+0.027615907Time of request work: 5.308µs
2023-04-10T22:09:24.597+0400	INFO	new event created(title - test0 - base event)
2023-04-10T22:09:24.597+0400	INFO	new event created(title - test1 - +5days)
2023-04-10T22:09:24.597+0400	INFO	new event created(title - test2 - +6 days end date after week)
2023-04-10T22:09:24.597+0400	INFO	new event created(title - test3 - +8 days - next week)
2023-04-10T22:09:24.597+0400	INFO	new event created(title - test4 - start in before week and end in cur week)
2023-04-10T22:09:24.597+0400	INFO	new event created(title - test5 - in this day)
2023-04-10T22:09:24.598+0400	INFO	[client GetEventsOnMonthByDay: GetEvent, Request DateTime: 2023-04-10 22:09:24.598024924 +0400 +04 m=+0.028742891Time of request work: 5.158µs
2023-04-10T22:13:20.272+0400	INFO	new event created(title - test0 - base event)
2023-04-10T22:13:20.272+0400	INFO	new event created(title - test1 - +5days)
2023-04-10T22:13:20.272+0400	INFO	new event created(title - test2 - +6 days end date after week)
2023-04-10T22:13:20.272+0400	INFO	new event created(title - test3 - +8 days - next week)
2023-04-10T22:13:20.272+0400	INFO	new event created(title - test4 - start in before week and end in cur week)
2023-04-10T22:13:20.272+0400	INFO	new event created(title - test5 - in this day)
2023-04-10T22:13:20.273+0400	INFO	[client GRPC: GetEvent, Request DateTime: 2023-04-10 22:13:20.273151979 +0400 +04 m=+0.001791556Time of request work: 7.608µs
2023-04-10T22:13:20.273+0400	INFO	new event created(title - test0 - base event)
2023-04-10T22:13:20.273+0400	INFO	new event created(title - test1 - +5days)
2023-04-10T22:13:20.273+0400	INFO	new event created(title - test2 - +6 days end date after week)
2023-04-10T22:13:20.273+0400	INFO	new event created(title - test3 - +8 days - next week)
2023-04-10T22:13:20.273+0400	INFO	new event created(title - test4 - start in before week and end in cur week)
2023-04-10T22:13:20.273+0400	INFO	new event created(title - test5 - in this day)
2023-04-10T22:13:20.274+0400	INFO	new event created(title - from test proto)
2023-04-10T22:13:20.274+0400	INFO	[client GRPC: CreateEvent, Request DateTime: 2023-04-10 22:13:20.274911856 +0400 +04 m=+0.003551433Time of request work: 88.157µs
2023-04-10T22:13:20.275+0400	INFO	new event created(title - test0 - base event)
2023-04-10T22:13:20.275+0400	INFO	new event created(title - test1 - +5days)
2023-04-10T22:13:20.275+0400	INFO	new event created(title - test2 - +6 days end date after week)
2023-04-10T22:13:20.275+0400	INFO	new event created(title - test3 - +8 days - next week)
2023-04-10T22:13:20.275+0400	INFO	new event created(title - test4 - start in before week and end in cur week)
2023-04-10T22:13:20.275+0400	INFO	new event created(title - test5 - in this day)
2023-04-10T22:13:20.276+0400	INFO	event updated(title - updated from test proto)
2023-04-10T22:13:20.276+0400	INFO	[client GRPC: UpdateEvent, Request DateTime: 2023-04-10 22:13:20.27631098 +0400 +04 m=+0.004950557Time of request work: 78.799µs
2023-04-10T22:13:20.276+0400	INFO	new event created(title - test0 - base event)
2023-04-10T22:13:20.276+0400	INFO	new event created(title - test1 - +5days)
2023-04-10T22:13:20.276+0400	INFO	new event created(title - test2 - +6 days end date after week)
2023-04-10T22:13:20.276+0400	INFO	new event created(title - test3 - +8 days - next week)
2023-04-10T22:13:20.276+0400	INFO	new event created(title - test4 - start in before week and end in cur week)
2023-04-10T22:13:20.276+0400	INFO	new event created(title - test5 - in this day)
2023-04-10T22:13:20.277+0400	INFO	event deleted(id - 0)
2023-04-10T22:13:20.277+0400	INFO	[client GRPC: DeleteEvent, Request DateTime: 2023-04-10 22:13:20.27766657 +0400 +04 m=+0.006306147Time of request work: 83.984µs
2023-04-10T22:13:20.277+0400	INFO	new event created(title - test0 - base event)
2023-04-10T22:13:20.277+0400	INFO	new event created(title - test1 - +5days)
2023-04-10T22:13:20.277+0400	INFO	new event created(title - test2 - +6 days end date after week)
2023-04-10T22:13:20.278+0400	INFO	new event created(title - test3 - +8 days - next week)
2023-04-10T22:13:20.278+0400	INFO	new event created(title - test4 - start in before week and end in cur week)
2023-04-10T22:13:20.278+0400	INFO	new event created(title - test5 - in this day)
2023-04-10T22:13:20.278+0400	INFO	[client GetEventsOnDayByDay: GetEvent, Request DateTime: 2023-04-10 22:13:20.278979705 +0400 +04 m=+0.007619289Time of request work: 6.078µs
2023-04-10T22:13:20.279+0400	INFO	new event created(title - test0 - base event)
2023-04-10T22:13:20.279+0400	INFO	new event created(title - test1 - +5days)
2023-04-10T22:13:20.279+0400	INFO	new event created(title - test2 - +6 days end date after week)
2023-04-10T22:13:20.279+0400	INFO	new event created(title - test3 - +8 days - next week)
2023-04-10T22:13:20.279+0400	INFO	new event created(title - test4 - start in before week and end in cur week)
2023-04-10T22:13:20.279+0400	INFO	new event created(title - test5 - in this day)
2023-04-10T22:13:20.280+0400	INFO	[client GetEventsOnWeekByDay: GetEvent, Request DateTime: 2023-04-10 22:13:20.280154499 +0400 +04 m=+0.008794076Time of request work: 5.082µs
2023-04-10T22:13:20.280+0400	INFO	new event created(title - test0 - base event)
2023-04-10T22:13:20.280+0400	INFO	new event created(title - test1 - +5days)
2023-04-10T22:13:20.280+0400	INFO	new event created(title - test2 - +6 days end date after week)
2023-04-10T22:13:20.280+0400	INFO	new event created(title - test3 - +8 days - next week)
2023-04-10T22:13:20.280+0400	INFO	new event created(title - test4 - start in before week and end in cur week)
2023-04-10T22:13:20.280+0400	INFO	new event created(title - test5 - in this day)
2023-04-10T22:13:20.281+0400	INFO	[client GetEventsOnMonthByDay: GetEvent, Request DateTime: 2023-04-10 22:13:20.281247725 +0400 +04 m=+0.009887302Time of request work: 5.011µs
2023-04-10T22:25:46.043+0400	INFO	new event created(title - test0 - base event)
2023-04-10T22:25:46.043+0400	INFO	new event created(title - test1 - +5days)
2023-04-10T22:25:46.043+0400	INFO	new event created(title - test2 - +6 days end date after week)
2023-04-10T22:25:46.043+0400	INFO	new event created(title - test3 - +8 days - next week)
2023-04-10T22:25:46.043+0400	INFO	new event created(title - test4 - start in before week and end in cur week)
2023-04-10T22:25:46.043+0400	INFO	new event created(title - test5 - in this day)
2023-04-10T22:25:46.043+0400	INFO	[client GRPC: GetEvent, Request DateTime: 2023-04-10 22:25:46.04364685 +0400 +04 m=+0.001493261Time of request work: 9.095µs
2023-04-10T22:25:46.043+0400	INFO	new event created(title - test0 - base event)
2023-04-10T22:25:46.044+0400	INFO	new event created(title - test1 - +5days)
2023-04-10T22:25:46.044+0400	INFO	new event created(title - test2 - +6 days end date after week)
2023-04-10T22:25:46.044+0400	INFO	new event created(title - test3 - +8 days - next week)
2023-04-10T22:25:46.044+0400	INFO	new event created(title - test4 - start in before week and end in cur week)
2023-04-10T22:25:46.044+0400	INFO	new event created(title - test5 - in this day)
2023-04-10T22:25:46.045+0400	INFO	new event created(title - from test proto)
2023-04-10T22:25:46.045+0400	INFO	[client GRPC: CreateEvent, Request DateTime: 2023-04-10 22:25:46.045265395 +0400 +04 m=+0.003111807Time of request work: 96.455µs
2023-04-10T22:25:46.045+0400	INFO	new event created(title - test0 - base event)
2023-04-10T22:25:46.045+0400	INFO	new event created(title - test1 - +5days)
2023-04-10T22:25:46.045+0400	INFO	new event created(title - test2 - +6 days end date after week)
2023-04-10T22:25:46.045+0400	INFO	new event created(title - test3 - +8 days - next week)
2023-04-10T22:25:46.045+0400	INFO	new event created(title - test4 - start in before week and end in cur week)
2023-04-10T22:25:46.045+0400	INFO	new event created(title - test5 - in this day)
2023-04-10T22:25:46.046+0400	INFO	event updated(title - updated from test proto)
2023-04-10T22:25:46.046+0400	INFO	[client GRPC: UpdateEvent, Request DateTime: 2023-04-10 22:25:46.04670342 +0400 +04 m=+0.004549831Time of request work: 81.356µs
2023-04-10T22:25:46.046+0400	INFO	new event created(title - test0 - base event)
2023-04-10T22:25:46.046+0400	INFO	new event created(title - test1 - +5days)
2023-04-10T22:25:46.047+0400	INFO	new event created(title - test2 - +6 days end date after week)
2023-04-10T22:25:46.047+0400	INFO	new event created(title - test3 - +8 days - next week)
2023-04-10T22:25:46.047+0400	INFO	new event created(title - test4 - start in before week and end in cur week)
2023-04-10T22:25:46.047+0400	INFO	new event created(title - test5 - in this day)
2023-04-10T22:25:46.048+0400	INFO	event deleted(id - 0)
2023-04-10T22:25:46.048+0400	INFO	[client GRPC: DeleteEvent, Request DateTime: 2023-04-10 22:25:46.048188237 +0400 +04 m=+0.006034649Time of request work: 111.799µs
2023-04-10T22:25:46.048+0400	INFO	new event created(title - test0 - base event)
2023-04-10T22:25:46.048+0400	INFO	new event created(title - test1 - +5days)
2023-04-10T22:25:46.048+0400	INFO	new event created(title - test2 - +6 days end date after week)
2023-04-10T22:25:46.048+0400	INFO	new event created(title - test3 - +8 days - next week)
2023-04-10T22:25:46.048+0400	INFO	new event created(title - test4 - start in before week and end in cur week)
2023-04-10T22:25:46.048+0400	INFO	new event created(title - test5 - in this day)
2023-04-10T22:25:46.049+0400	INFO	[client GetEventsOnDayByDay: GetEvent, Request DateTime: 2023-04-10 22:25:46.04952419 +0400 +04 m=+0.007370601Time of request work: 6.309µs
2023-04-10T22:25:46.049+0400	INFO	new event created(title - test0 - base event)
2023-04-10T22:25:46.049+0400	INFO	new event created(title - test1 - +5days)
2023-04-10T22:25:46.049+0400	INFO	new event created(title - test2 - +6 days end date after week)
2023-04-10T22:25:46.049+0400	INFO	new event created(title - test3 - +8 days - next week)
2023-04-10T22:25:46.049+0400	INFO	new event created(title - test4 - start in before week and end in cur week)
2023-04-10T22:25:46.050+0400	INFO	new event created(title - test5 - in this day)
2023-04-10T22:25:46.050+0400	INFO	[client GetEventsOnWeekByDay: GetEvent, Request DateTime: 2023-04-10 22:25:46.050718702 +0400 +04 m=+0.008565115Time of request work: 5.199µs
2023-04-10T22:25:46.050+0400	INFO	new event created(title - test0 - base event)
2023-04-10T22:25:46.050+0400	INFO	new event created(title - test1 - +5days)
2023-04-10T22:25:46.051+0400	INFO	new event created(title - test2 - +6 days end date after week)
2023-04-10T22:25:46.052+0400	INFO	new event created(title - test3 - +8 days - next week)
2023-04-10T22:25:46.052+0400	INFO	new event created(title - test4 - start in before week and end in cur week)
2023-04-10T22:25:46.052+0400	INFO	new event created(title - test5 - in this day)
2023-04-10T22:25:46.052+0400	INFO	[client GetEventsOnMonthByDay: GetEvent, Request DateTime: 2023-04-10 22:25:46.052933786 +0400 +04 m=+0.010780199Time of request work: 5.515µs
2023-04-15T00:02:56.735+0400	INFO	new event created(title - test0 - base event)
2023-04-15T00:02:56.735+0400	INFO	new event created(title - test1 - +5days)
2023-04-15T00:02:56.735+0400	INFO	new event created(title - test2 - +6 days end date after week)
2023-04-15T00:02:56.735+0400	INFO	new event created(title - test3 - +8 days - next week)
2023-04-15T00:02:56.735+0400	INFO	new event created(title - test4 - start in before week and end in cur week)
2023-04-15T00:02:56.735+0400	INFO	new event created(title - test5 - in this day)
2023-04-15T00:02:56.736+0400	INFO	[client GRPC: GetEvent, Request DateTime: 2023-04-15 00:02:56.736389474 +0400 +04 m=+0.002153517Time of request work: 9.361µs
2023-04-15T00:02:56.736+0400	INFO	new event created(title - test0 - base event)
2023-04-15T00:02:56.736+0400	INFO	new event created(title - test1 - +5days)
2023-04-15T00:02:56.736+0400	INFO	new event created(title - test2 - +6 days end date after week)
2023-04-15T00:02:56.736+0400	INFO	new event created(title - test3 - +8 days - next week)
2023-04-15T00:02:56.736+0400	INFO	new event created(title - test4 - start in before week and end in cur week)
2023-04-15T00:02:56.736+0400	INFO	new event created(title - test5 - in this day)
2023-04-15T00:02:56.737+0400	INFO	new event created(title - from test proto)
2023-04-15T00:02:56.738+0400	INFO	[client GRPC: CreateEvent, Request DateTime: 2023-04-15 00:02:56.738084785 +0400 +04 m=+0.003848828Time of request work: 95.967µs
2023-04-15T00:02:56.738+0400	INFO	new event created(title - test0 - base event)
2023-04-15T00:02:56.738+0400	INFO	new event created(title - test1 - +5days)
2023-04-15T00:02:56.738+0400	INFO	new event created(title - test2 - +6 days end date after week)
2023-04-15T00:02:56.738+0400	INFO	new event created(title - test3 - +8 days - next week)
2023-04-15T00:02:56.738+0400	INFO	new event created(title - test4 - start in before week and end in cur week)
2023-04-15T00:02:56.738+0400	INFO	new event created(title - test5 - in this day)
2023-04-15T00:02:56.739+0400	INFO	event updated(title - updated from test proto)
2023-04-15T00:02:56.739+0400	INFO	[client GRPC: UpdateEvent, Request DateTime: 2023-04-15 00:02:56.739628591 +0400 +04 m=+0.005392640Time of request work: 90.447µs
2023-04-15T00:02:56.739+0400	INFO	new event created(title - test0 - base event)
2023-04-15T00:02:56.739+0400	INFO	new event created(title - test1 - +5days)
2023-04-15T00:02:56.739+0400	INFO	new event created(title - test2 - +6 days end date after week)
2023-04-15T00:02:56.740+0400	INFO	new event created(title - test3 - +8 days - next week)
2023-04-15T00:02:56.740+0400	INFO	new event created(title - test4 - start in before week and end in cur week)
2023-04-15T00:02:56.740+0400	INFO	new event created(title - test5 - in this day)
2023-04-15T00:02:56.741+0400	INFO	event deleted(id - 0)
2023-04-15T00:02:56.741+0400	INFO	[client GRPC: DeleteEvent, Request DateTime: 2023-04-15 00:02:56.741321522 +0400 +04 m=+0.007085566Time of request work: 156.003µs
2023-04-15T00:02:56.741+0400	INFO	new event created(title - test0 - base event)
2023-04-15T00:02:56.741+0400	INFO	new event created(title - test1 - +5days)
2023-04-15T00:02:56.741+0400	INFO	new event created(title - test2 - +6 days end date after week)
2023-04-15T00:02:56.741+0400	INFO	new event created(title - test3 - +8 days - next week)
2023-04-15T00:02:56.741+0400	INFO	new event created(title - test4 - start in before week and end in cur week)
2023-04-15T00:02:56.741+0400	INFO	new event created(title - test5 - in this day)
2023-04-15T00:02:56.742+0400	INFO	[client GetEventsOnDayByDay: GetEvent, Request DateTime: 2023-04-15 00:02:56.742774894 +0400 +04 m=+0.008538938Time of request work: 6.244µs
2023-04-15T00:02:56.743+0400	INFO	new event created(title - test0 - base event)
2023-04-15T00:02:56.743+0400	INFO	new event created(title - test1 - +5days)
2023-04-15T00:02:56.743+0400	INFO	new event created(title - test2 - +6 days end date after week)
2023-04-15T00:02:56.743+0400	INFO	new event created(title - test3 - +8 days - next week)
2023-04-15T00:02:56.743+0400	INFO	new event created(title - test4 - start in before week and end in cur week)
2023-04-15T00:02:56.743+0400	INFO	new event created(title - test5 - in this day)
2023-04-15T00:02:56.744+0400	INFO	[client GetEventsOnWeekByDay: GetEvent, Request DateTime: 2023-04-15 00:02:56.744130075 +0400 +04 m=+0.009894123Time of request work: 5.841µs
2023-04-15T00:02:56.744+0400	INFO	new event created(title - test0 - base event)
2023-04-15T00:02:56.744+0400	INFO	new event created(title - test1 - +5days)
2023-04-15T00:02:56.744+0400	INFO	new event created(title - test2 - +6 days end date after week)
2023-04-15T00:02:56.744+0400	INFO	new event created(title - test3 - +8 days - next week)
2023-04-15T00:02:56.744+0400	INFO	new event created(title - test4 - start in before week and end in cur week)
2023-04-15T00:02:56.744+0400	INFO	new event created(title - test5 - in this day)
2023-04-15T00:02:56.745+0400	INFO	[client GetEventsOnMonthByDay: GetEvent, Request DateTime: 2023-04-15 00:02:56.745351172 +0400 +04 m=+0.011115216Time of request work: 5.544µs
2023-04-15T00:06:14.863+0400	INFO	new event created(title - test0 - base event)
2023-04-15T00:06:14.864+0400	INFO	new event created(title - test1 - +5days)
2023-04-15T00:06:14.864+0400	INFO	new event created(title - test2 - +6 days end date after week)
2023-04-15T00:06:14.864+0400	INFO	new event created(title - test3 - +8 days - next week)
2023-04-15T00:06:14.864+0400	INFO	new event created(title - test4 - start in before week and end in cur week)
2023-04-15T00:06:14.864+0400	INFO	new event created(title - test5 - in this day)
2023-04-15T00:06:14.865+0400	INFO	[client GRPC: GetEvent, Request DateTime: 2023-04-15 00:06:14.865110886 +0400 +04 m=+0.002321858Time of request work: 9.05µs
2023-04-15T00:06:14.865+0400	INFO	new event created(title - test0 - base event)
2023-04-15T00:06:14.865+0400	INFO	new event created(title - test1 - +5days)
2023-04-15T00:06:14.865+0400	INFO	new event created(title - test2 - +6 days end date after week)
2023-04-15T00:06:14.865+0400	INFO	new event created(title - test3 - +8 days - next week)
2023-04-15T00:06:14.865+0400	INFO	new event created(title - test4 - start in before week and end in cur week)
2023-04-15T00:06:14.865+0400	INFO	new event created(title - test5 - in this day)
2023-04-15T00:06:14.866+0400	INFO	new event created(title - from test proto)
2023-04-15T00:06:14.867+0400	INFO	[client GRPC: CreateEvent, Request DateTime: 2023-04-15 00:06:14.867020081 +0400 +04 m=+0.004231053Time of request work: 131.733µs
2023-04-15T00:06:14.867+0400	INFO	new event created(title - test0 - base event)
2023-04-15T00:06:14.867+0400	INFO	new event created(title - test1 - +5days)
2023-04-15T00:06:14.867+0400	INFO	new event created(title - test2 - +6 days end date after week)
2023-04-15T00:06:14.867+0400	INFO	new event created(title - test3 - +8 days - next week)
2023-04-15T00:06:14.867+0400	INFO	new event created(title - test4 - start in before week and end in cur week)
2023-04-15T00:06:14.867+0400	INFO	new event created(title - test5 - in this day)
2023-04-15T00:06:14.868+0400	INFO	event updated(title - updated from test proto)
2023-04-15T00:06:14.868+0400	INFO	[client GRPC: UpdateEvent, Request DateTime: 2023-04-15 00:06:14.868565013 +0400 +04 m=+0.005775986Time of request work: 96.965µs
2023-04-15T00:06:14.868+0400	INFO	new event created(title - test0 - base event)
2023-04-15T00:06:14.868+0400	INFO	new event created(title - test1 - +5days)
2023-04-15T00:06:14.868+0400	INFO	new event created(title - test2 - +6 days end date after week)
2023-04-15T00:06:14.869+0400	INFO	new event created(title - test3 - +8 days - next week)
2023-04-15T00:06:14.869+0400	INFO	new event created(title - test4 - start in before week and end in cur week)
2023-04-15T00:06:14.869+0400	INFO	new event created(title - test5 - in this day)
2023-04-15T00:06:14.870+0400	INFO	event deleted(id - 0)
2023-04-15T00:06:14.870+0400	INFO	[client GRPC: DeleteEvent, Request DateTime: 2023-04-15 00:06:14.870206964 +0400 +04 m=+0.007417936Time of request work: 94.564µs
2023-04-15T00:06:14.870+0400	INFO	new event created(title - test0 - base event)
2023-04-15T00:06:14.870+0400	INFO	new event created(title - test1 - +5days)
2023-04-15T00:06:14.870+0400	INFO	new event created(title - test2 - +6 days end date after week)
2023-04-15T00:06:14.870+0400	INFO	new event created(title - test3 - +8 days - next week)
2023-04-15T00:06:14.870+0400	INFO	new event created(title - test4 - start in before week and end in cur week)
2023-04-15T00:06:14.870+0400	INFO	new event created(title - test5 - in this day)
2023-04-15T00:06:14.871+0400	INFO	[client GetEventsOnDayByDay: GetEvent, Request DateTime: 2023-04-15 00:06:14.871970749 +0400 +04 m=+0.009181723Time of request work: 10.134µs
2023-04-15T00:06:14.872+0400	INFO	new event created(title - test0 - base event)
2023-04-15T00:06:14.872+0400	INFO	new event created(title - test1 - +5days)
2023-04-15T00:06:14.872+0400	INFO	new event created(title - test2 - +6 days end date after week)
2023-04-15T00:06:14.872+0400	INFO	new event created(title - test3 - +8 days - next week)
2023-04-15T00:06:14.872+0400	INFO	new event created(title - test4 - start in before week and end in cur week)
2023-04-15T00:06:14.872+0400	INFO	new event created(title - test5 - in this day)
2023-04-15T00:06:14.873+0400	INFO	[client GetEventsOnWeekByDay: GetEvent, Request DateTime: 2023-04-15 00:06:14.873547197 +0400 +04 m=+0.010758171Time of request work: 5.688µs
2023-04-15T00:06:14.873+0400	INFO	new event created(title - test0 - base event)
2023-04-15T00:06:14.873+0400	INFO	new event created(title - test1 - +5days)
2023-04-15T00:06:14.873+0400	INFO	new event created(title - test2 - +6 days end date after week)
2023-04-15T00:06:14.874+0400	INFO	new event created(title - test3 - +8 days - next week)
2023-04-15T00:06:14.874+0400	INFO	new event created(title - test4 - start in before week and end in cur week)
2023-04-15T00:06:14.874+0400	INFO	new event created(title - test5 - in this day)
2023-04-15T00:06:14.874+0400	INFO	[client GetEventsOnMonthByDay: GetEvent, Request DateTime: 2023-04-15 00:06:14.874869772 +0400 +04 m=+0.012080746Time of request work: 5.604µs
